<?xml version="1.0" encoding="UTF-8"?>
<testsuite name="com.docomo.admin.entity.mongo.MongoUserTest" tests="6" skipped="0" failures="0" errors="0" timestamp="2025-06-23T21:27:36.202Z" hostname="A8" time="0.01">
  <properties/>
  <testcase name="testMongoUserEquality()" classname="com.docomo.admin.entity.mongo.MongoUserTest" time="0.001"/>
  <testcase name="testMongoUserCreation()" classname="com.docomo.admin.entity.mongo.MongoUserTest" time="0.0"/>
  <testcase name="testMongoUserToString()" classname="com.docomo.admin.entity.mongo.MongoUserTest" time="0.005"/>
  <testcase name="testUserRoleEnum()" classname="com.docomo.admin.entity.mongo.MongoUserTest" time="0.0"/>
  <testcase name="testMongoUserConstructor()" classname="com.docomo.admin.entity.mongo.MongoUserTest" time="0.0"/>
  <testcase name="testMongoUserSettersAndGetters()" classname="com.docomo.admin.entity.mongo.MongoUserTest" time="0.0"/>
  <system-out><![CDATA[]]></system-out>
  <system-err><![CDATA[]]></system-err>
</testsuite>
